<?xml version="1.0" encoding="UTF-8"?>
<!-- Generated by org.testng.reporters.JUnitXMLReporter -->
<testsuite ignored="0" hostname="DESKTOP-GGTN9VI" failures="0" tests="4" name="Test" time="0.347" errors="0" timestamp="2024-02-16T03:50:02 IST">
  <testcase classname="com.testbase.TestBase" name="@BeforeMethod setup" time="-1.708035602254E9">
    <failure type="org.testng.TestNGException" message="
Can inject only one of &amp;lt;ITestContext, XmlTest, Method, Object[], ITestResult&amp;gt; into a @BeforeMethod annotated setup.
For more information on native dependency injection please refer to http://testng.org/doc/documentation-main.html#native-dependency-injection">
      <![CDATA[org.testng.TestNGException: 
Can inject only one of <ITestContext, XmlTest, Method, Object[], ITestResult> into a @BeforeMethod annotated setup.
For more information on native dependency injection please refer to http://testng.org/doc/documentation-main.html#native-dependency-injection
at java.base/java.util.ArrayList.forEach(ArrayList.java:1511)
... Removed 28 stack frames]]>
    </failure>
  </testcase> <!-- @BeforeMethod setup -->
  <testcase classname="com.testbase.TestBase" name="@AfterMethod tearDown" time="-1.708035602321E9">
    <skipped/>
  </testcase> <!-- @AfterMethod tearDown -->
  <testcase classname="com.testbase.TestBase" name="@BeforeMethod setup" time="-1.708035602331E9">
    <skipped/>
  </testcase> <!-- @BeforeMethod setup -->
  <testcase classname="com.testbase.TestBase" name="@AfterMethod tearDown" time="-1.708035602352E9">
    <skipped/>
  </testcase> <!-- @AfterMethod tearDown -->
  <testcase classname="com.testbase.TestBase" name="@BeforeMethod setup" time="-1.708035602374E9">
    <skipped/>
  </testcase> <!-- @BeforeMethod setup -->
  <testcase classname="com.testbase.TestBase" name="@AfterMethod tearDown" time="-1.708035602392E9">
    <skipped/>
  </testcase> <!-- @AfterMethod tearDown -->
  <testcase classname="com.testbase.TestBase" name="@BeforeMethod setup" time="-1.708035602401E9">
    <skipped/>
  </testcase> <!-- @BeforeMethod setup -->
  <testcase classname="com.testbase.TestBase" name="@AfterMethod tearDown" time="-1.708035602421E9">
    <skipped/>
  </testcase> <!-- @AfterMethod tearDown -->
  <testcase classname="homepage.HomePage" name="verifyInvalidUsernamePasswordPopUpAfterEnteringWrongDetailsInPropertyManagerLoginUnderSignIn" time="0.0">
    <skipped/>
  </testcase> <!-- verifyInvalidUsernamePasswordPopUpAfterEnteringWrongDetailsInPropertyManagerLoginUnderSignIn -->
  <testcase classname="homepage.HomePage" name="verifyPropertyMangerButtonShouldVisibleAfterClickingOnSigningButton" time="0.0">
    <skipped/>
  </testcase> <!-- verifyPropertyMangerButtonShouldVisibleAfterClickingOnSigningButton -->
  <testcase classname="homepage.HomePage" name="verifyViewAppButtonGetsDisplayedAfterClickingResidentLoginButtonUnderSignIn" time="0.0">
    <skipped/>
  </testcase> <!-- verifyViewAppButtonGetsDisplayedAfterClickingResidentLoginButtonUnderSignIn -->
  <testcase classname="homepage.HomePage" name="verifyViewWebsiteButtonGetsDisplayedAfterClickingResidentLoginButtonUnderSignIn" time="0.0">
    <skipped/>
  </testcase> <!-- verifyViewWebsiteButtonGetsDisplayedAfterClickingResidentLoginButtonUnderSignIn -->
</testsuite> <!-- Test -->
